[0108/191503.412:ERROR:directory_reader_win.cc(43)] FindFirstFile: Системе не удается найти указанный путь. (0x3)
[0108/191503.497:ERROR:filesystem_win.cc(129)] GetFileAttributes C:\Users\РЎРІС–С‚Р»Р°РЅР°\AppData\Local\Google\Chrome\User Data\Crashpad\attachments\b9e65074-f47b-4141-b171-8bcaa8e8eea4: Системе не удается найти указанный путь. (0x3)
[0108/191503.518:ERROR:filesystem_win.cc(129)] GetFileAttributes C:\Users\РЎРІС–С‚Р»Р°РЅР°\AppData\Local\Google\Chrome\User Data\Crashpad\attachments\64982a43-85b6-4110-9413-1d2d68d83e4f: Системе не удается найти указанный путь. (0x3)
[0108/191503.540:ERROR:filesystem_win.cc(129)] GetFileAttributes C:\Users\РЎРІС–С‚Р»Р°РЅР°\AppData\Local\Google\Chrome\User Data\Crashpad\attachments\3382b861-14ea-4dd5-86ec-bce322da6446: Системе не удается найти указанный путь. (0x3)
[0108/191503.561:ERROR:filesystem_win.cc(129)] GetFileAttributes C:\Users\РЎРІС–С‚Р»Р°РЅР°\AppData\Local\Google\Chrome\User Data\Crashpad\attachments\0013011e-1d92-42c3-bd0f-bf8e3728692c: Системе не удается найти указанный путь. (0x3)
[0108/191503.581:ERROR:filesystem_win.cc(129)] GetFileAttributes C:\Users\РЎРІС–С‚Р»Р°РЅР°\AppData\Local\Google\Chrome\User Data\Crashpad\attachments\b1d265ff-29c1-4573-896c-673db7b430d0: Системе не удается найти указанный путь. (0x3)
[0108/191503.602:ERROR:filesystem_win.cc(129)] GetFileAttributes C:\Users\РЎРІС–С‚Р»Р°РЅР°\AppData\Local\Google\Chrome\User Data\Crashpad\attachments\0d496471-c3b8-48c7-9f53-ab91ab721a65: Системе не удается найти указанный путь. (0x3)
[0108/191503.615:ERROR:filesystem_win.cc(129)] GetFileAttributes C:\Users\РЎРІС–С‚Р»Р°РЅР°\AppData\Local\Google\Chrome\User Data\Crashpad\attachments\99e1be79-2093-45c0-8a32-133c73142b8e: Системе не удается найти указанный путь. (0x3)
[0108/191503.629:ERROR:filesystem_win.cc(129)] GetFileAttributes C:\Users\РЎРІС–С‚Р»Р°РЅР°\AppData\Local\Google\Chrome\User Data\Crashpad\attachments\69124508-74e6-4e22-9161-f72e2158e4c8: Системе не удается найти указанный путь. (0x3)
[0108/191503.641:ERROR:filesystem_win.cc(129)] GetFileAttributes C:\Users\РЎРІС–С‚Р»Р°РЅР°\AppData\Local\Google\Chrome\User Data\Crashpad\attachments\9b29de66-1787-45bf-8d09-fd9b0c1bcf33: Системе не удается найти указанный путь. (0x3)
[0108/191503.654:ERROR:filesystem_win.cc(129)] GetFileAttributes C:\Users\РЎРІС–С‚Р»Р°РЅР°\AppData\Local\Google\Chrome\User Data\Crashpad\attachments\cfa8fda9-d1e2-42a6-9d3e-b4ce64b2ff69: Системе не удается найти указанный путь. (0x3)
[0108/191503.666:ERROR:filesystem_win.cc(129)] GetFileAttributes C:\Users\РЎРІС–С‚Р»Р°РЅР°\AppData\Local\Google\Chrome\User Data\Crashpad\attachments\14be4ac1-2549-4c60-9a48-30275aebd565: Системе не удается найти указанный путь. (0x3)
[0108/191503.676:ERROR:filesystem_win.cc(129)] GetFileAttributes C:\Users\РЎРІС–С‚Р»Р°РЅР°\AppData\Local\Google\Chrome\User Data\Crashpad\attachments\c94ad8fd-1a7f-408f-abd7-050aafd56254: Системе не удается найти указанный путь. (0x3)
[0108/191503.686:ERROR:filesystem_win.cc(129)] GetFileAttributes C:\Users\РЎРІС–С‚Р»Р°РЅР°\AppData\Local\Google\Chrome\User Data\Crashpad\attachments\64681b54-7bdc-47b2-8a7e-4d2598da6142: Системе не удается найти указанный путь. (0x3)
[0108/191503.696:ERROR:filesystem_win.cc(129)] GetFileAttributes C:\Users\РЎРІС–С‚Р»Р°РЅР°\AppData\Local\Google\Chrome\User Data\Crashpad\attachments\b520b6d6-e330-439f-b6de-378a928ca9e3: Системе не удается найти указанный путь. (0x3)
[0108/191503.706:ERROR:filesystem_win.cc(129)] GetFileAttributes C:\Users\РЎРІС–С‚Р»Р°РЅР°\AppData\Local\Google\Chrome\User Data\Crashpad\attachments\868631d5-9a78-4aa3-8f0a-85a748dd6014: Системе не удается найти указанный путь. (0x3)
[0108/191503.718:ERROR:filesystem_win.cc(129)] GetFileAttributes C:\Users\РЎРІС–С‚Р»Р°РЅР°\AppData\Local\Google\Chrome\User Data\Crashpad\attachments\8f2952ea-e4f2-483c-a38b-9dcf9769e520: Системе не удается найти указанный путь. (0x3)
[0108/191503.728:ERROR:filesystem_win.cc(129)] GetFileAttributes C:\Users\РЎРІС–С‚Р»Р°РЅР°\AppData\Local\Google\Chrome\User Data\Crashpad\attachments\fcf5a26c-ba3d-4572-ab19-633dc18ef6b2: Системе не удается найти указанный путь. (0x3)
[0108/191503.737:ERROR:filesystem_win.cc(129)] GetFileAttributes C:\Users\РЎРІС–С‚Р»Р°РЅР°\AppData\Local\Google\Chrome\User Data\Crashpad\attachments\9cb650d1-f52b-4166-88d9-52106b3278c4: Системе не удается найти указанный путь. (0x3)
[0108/191503.747:ERROR:filesystem_win.cc(129)] GetFileAttributes C:\Users\РЎРІС–С‚Р»Р°РЅР°\AppData\Local\Google\Chrome\User Data\Crashpad\attachments\24ee7aec-5463-489f-a09b-c3aa0f507a99: Системе не удается найти указанный путь. (0x3)
[0108/191503.757:ERROR:filesystem_win.cc(129)] GetFileAttributes C:\Users\РЎРІС–С‚Р»Р°РЅР°\AppData\Local\Google\Chrome\User Data\Crashpad\attachments\55d90999-16fb-431a-98ef-c82e0a9a06c8: Системе не удается найти указанный путь. (0x3)
[0108/191503.766:ERROR:filesystem_win.cc(129)] GetFileAttributes C:\Users\РЎРІС–С‚Р»Р°РЅР°\AppData\Local\Google\Chrome\User Data\Crashpad\attachments\80784fa1-87fe-4fbe-bf16-468cfa5cf0d0: Системе не удается найти указанный путь. (0x3)
[0108/191503.776:ERROR:filesystem_win.cc(129)] GetFileAttributes C:\Users\РЎРІС–С‚Р»Р°РЅР°\AppData\Local\Google\Chrome\User Data\Crashpad\attachments\14cc7e15-c641-4ae9-8680-1377fc9f185d: Системе не удается найти указанный путь. (0x3)
[0108/191503.785:ERROR:filesystem_win.cc(129)] GetFileAttributes C:\Users\РЎРІС–С‚Р»Р°РЅР°\AppData\Local\Google\Chrome\User Data\Crashpad\attachments\ccf5f10c-98ba-442a-9a1e-475d53ed5ff9: Системе не удается найти указанный путь. (0x3)
[0108/191503.795:ERROR:filesystem_win.cc(129)] GetFileAttributes C:\Users\РЎРІС–С‚Р»Р°РЅР°\AppData\Local\Google\Chrome\User Data\Crashpad\attachments\8b0e6521-8f89-4fe6-8294-6f46c751666f: Системе не удается найти указанный путь. (0x3)
[0108/191503.804:ERROR:filesystem_win.cc(129)] GetFileAttributes C:\Users\РЎРІС–С‚Р»Р°РЅР°\AppData\Local\Google\Chrome\User Data\Crashpad\attachments\647796ef-64ca-41ae-bea6-8d6b9b5aac99: Системе не удается найти указанный путь. (0x3)
[0108/191503.813:ERROR:filesystem_win.cc(129)] GetFileAttributes C:\Users\РЎРІС–С‚Р»Р°РЅР°\AppData\Local\Google\Chrome\User Data\Crashpad\attachments\13831aa1-4665-47eb-82d3-0a8b24c5ea6f: Системе не удается найти указанный путь. (0x3)
[0108/191503.822:ERROR:filesystem_win.cc(129)] GetFileAttributes C:\Users\РЎРІС–С‚Р»Р°РЅР°\AppData\Local\Google\Chrome\User Data\Crashpad\attachments\38533f25-2884-4954-95d2-1d2143325118: Системе не удается найти указанный путь. (0x3)
[0108/191503.832:ERROR:filesystem_win.cc(129)] GetFileAttributes C:\Users\РЎРІС–С‚Р»Р°РЅР°\AppData\Local\Google\Chrome\User Data\Crashpad\attachments\a0db42f6-ca0f-4447-8992-da87dafe5c49: Системе не удается найти указанный путь. (0x3)
[0108/191503.841:ERROR:filesystem_win.cc(129)] GetFileAttributes C:\Users\РЎРІС–С‚Р»Р°РЅР°\AppData\Local\Google\Chrome\User Data\Crashpad\attachments\79acc4b7-202d-485f-aeb5-8c93ef7774ec: Системе не удается найти указанный путь. (0x3)
[0108/191503.850:ERROR:filesystem_win.cc(129)] GetFileAttributes C:\Users\РЎРІС–С‚Р»Р°РЅР°\AppData\Local\Google\Chrome\User Data\Crashpad\attachments\76fd2e3b-8485-4f06-b79e-47df109420c7: Системе не удается найти указанный путь. (0x3)
[0108/191503.859:ERROR:filesystem_win.cc(129)] GetFileAttributes C:\Users\РЎРІС–С‚Р»Р°РЅР°\AppData\Local\Google\Chrome\User Data\Crashpad\attachments\a5da4d3d-b003-45b4-bb9b-047571af3013: Системе не удается найти указанный путь. (0x3)
[0108/191503.868:ERROR:filesystem_win.cc(129)] GetFileAttributes C:\Users\РЎРІС–С‚Р»Р°РЅР°\AppData\Local\Google\Chrome\User Data\Crashpad\attachments\0778128e-706c-4e33-9584-8d3e9667061c: Системе не удается найти указанный путь. (0x3)
[0108/191503.877:ERROR:filesystem_win.cc(129)] GetFileAttributes C:\Users\РЎРІС–С‚Р»Р°РЅР°\AppData\Local\Google\Chrome\User Data\Crashpad\attachments\81260640-074c-4aaf-8e2a-02df0512e114: Системе не удается найти указанный путь. (0x3)
[0108/191503.886:ERROR:filesystem_win.cc(129)] GetFileAttributes C:\Users\РЎРІС–С‚Р»Р°РЅР°\AppData\Local\Google\Chrome\User Data\Crashpad\attachments\3976c310-7b15-49e3-8329-a0d703c67938: Системе не удается найти указанный путь. (0x3)
[0108/191503.895:ERROR:filesystem_win.cc(129)] GetFileAttributes C:\Users\РЎРІС–С‚Р»Р°РЅР°\AppData\Local\Google\Chrome\User Data\Crashpad\attachments\d2fca579-adfc-4d7e-b4b0-1b4b5b224d00: Системе не удается найти указанный путь. (0x3)
[0108/191503.903:ERROR:filesystem_win.cc(129)] GetFileAttributes C:\Users\РЎРІС–С‚Р»Р°РЅР°\AppData\Local\Google\Chrome\User Data\Crashpad\attachments\5dc461f0-2d22-4a53-b3e7-b1857b72b6ed: Системе не удается найти указанный путь. (0x3)
[0108/191503.913:ERROR:filesystem_win.cc(129)] GetFileAttributes C:\Users\РЎРІС–С‚Р»Р°РЅР°\AppData\Local\Google\Chrome\User Data\Crashpad\attachments\b2e5d395-be74-473b-b0b3-07973ec26680: Системе не удается найти указанный путь. (0x3)
[0108/191503.920:ERROR:filesystem_win.cc(129)] GetFileAttributes C:\Users\РЎРІС–С‚Р»Р°РЅР°\AppData\Local\Google\Chrome\User Data\Crashpad\attachments\20b7ae48-66ec-42cf-8e89-47dc62facaf5: Системе не удается найти указанный путь. (0x3)
[0108/191503.929:ERROR:filesystem_win.cc(129)] GetFileAttributes C:\Users\РЎРІС–С‚Р»Р°РЅР°\AppData\Local\Google\Chrome\User Data\Crashpad\attachments\1679d98e-9f53-4f76-ba57-8e9368744df5: Системе не удается найти указанный путь. (0x3)
[0108/191503.938:ERROR:filesystem_win.cc(129)] GetFileAttributes C:\Users\РЎРІС–С‚Р»Р°РЅР°\AppData\Local\Google\Chrome\User Data\Crashpad\attachments\ce7872cc-8050-42b8-a5a3-1f8e1ce34e9c: Системе не удается найти указанный путь. (0x3)
[0108/191503.946:ERROR:filesystem_win.cc(129)] GetFileAttributes C:\Users\РЎРІС–С‚Р»Р°РЅР°\AppData\Local\Google\Chrome\User Data\Crashpad\attachments\200ba26e-becc-42e4-9023-72a9f18fc8e8: Системе не удается найти указанный путь. (0x3)
[0108/191503.960:ERROR:filesystem_win.cc(129)] GetFileAttributes C:\Users\РЎРІС–С‚Р»Р°РЅР°\AppData\Local\Google\Chrome\User Data\Crashpad\attachments\fbd1cb35-6ce1-46e9-8a83-8811a6f53a6a: Системе не удается найти указанный путь. (0x3)
[0108/191503.971:ERROR:filesystem_win.cc(129)] GetFileAttributes C:\Users\РЎРІС–С‚Р»Р°РЅР°\AppData\Local\Google\Chrome\User Data\Crashpad\attachments\0cac72ba-dabe-4a41-9c59-c4eca1587060: Системе не удается найти указанный путь. (0x3)
[0108/191503.980:ERROR:filesystem_win.cc(129)] GetFileAttributes C:\Users\РЎРІС–С‚Р»Р°РЅР°\AppData\Local\Google\Chrome\User Data\Crashpad\attachments\e0630d53-7052-4334-934b-c814c02d7748: Системе не удается найти указанный путь. (0x3)
[0108/191503.989:ERROR:filesystem_win.cc(129)] GetFileAttributes C:\Users\РЎРІС–С‚Р»Р°РЅР°\AppData\Local\Google\Chrome\User Data\Crashpad\attachments\e170be65-4e5c-47c0-a3c2-172965000aff: Системе не удается найти указанный путь. (0x3)
[0108/191503.998:ERROR:filesystem_win.cc(129)] GetFileAttributes C:\Users\РЎРІС–С‚Р»Р°РЅР°\AppData\Local\Google\Chrome\User Data\Crashpad\attachments\cc6e32ce-d04a-474d-bd1d-cbc858b4e529: Системе не удается найти указанный путь. (0x3)
[0108/191504.007:ERROR:filesystem_win.cc(129)] GetFileAttributes C:\Users\РЎРІС–С‚Р»Р°РЅР°\AppData\Local\Google\Chrome\User Data\Crashpad\attachments\76a20456-804a-45a0-97df-02fe5db27678: Системе не удается найти указанный путь. (0x3)
[0108/191504.016:ERROR:filesystem_win.cc(129)] GetFileAttributes C:\Users\РЎРІС–С‚Р»Р°РЅР°\AppData\Local\Google\Chrome\User Data\Crashpad\attachments\11ebd4f3-a1c7-4c78-be12-e2a87b344983: Системе не удается найти указанный путь. (0x3)
[0108/191504.024:ERROR:filesystem_win.cc(129)] GetFileAttributes C:\Users\РЎРІС–С‚Р»Р°РЅР°\AppData\Local\Google\Chrome\User Data\Crashpad\attachments\0d751c37-dbe6-40ad-9457-539a5e7eee27: Системе не удается найти указанный путь. (0x3)
[0108/191504.033:ERROR:filesystem_win.cc(129)] GetFileAttributes C:\Users\РЎРІС–С‚Р»Р°РЅР°\AppData\Local\Google\Chrome\User Data\Crashpad\attachments\c2e58a32-114f-4b41-a485-442dee8d7c24: Системе не удается найти указанный путь. (0x3)
[0108/191504.041:ERROR:filesystem_win.cc(129)] GetFileAttributes C:\Users\РЎРІС–С‚Р»Р°РЅР°\AppData\Local\Google\Chrome\User Data\Crashpad\attachments\76a1ea7f-f47c-46d6-a09d-33e328430a5d: Системе не удается найти указанный путь. (0x3)
[0108/191504.050:ERROR:filesystem_win.cc(129)] GetFileAttributes C:\Users\РЎРІС–С‚Р»Р°РЅР°\AppData\Local\Google\Chrome\User Data\Crashpad\attachments\78d53bcb-90af-421c-88e6-644bbacb3ec5: Системе не удается найти указанный путь. (0x3)
[0108/191504.058:ERROR:filesystem_win.cc(129)] GetFileAttributes C:\Users\РЎРІС–С‚Р»Р°РЅР°\AppData\Local\Google\Chrome\User Data\Crashpad\attachments\7c4ef6f2-211e-4fd3-bbb1-823c1b68ba3b: Системе не удается найти указанный путь. (0x3)
[0108/191504.066:ERROR:filesystem_win.cc(129)] GetFileAttributes C:\Users\РЎРІС–С‚Р»Р°РЅР°\AppData\Local\Google\Chrome\User Data\Crashpad\attachments\532c3380-b1d5-4444-83fd-5065ae336ad3: Системе не удается найти указанный путь. (0x3)
[0108/191504.075:ERROR:filesystem_win.cc(129)] GetFileAttributes C:\Users\РЎРІС–С‚Р»Р°РЅР°\AppData\Local\Google\Chrome\User Data\Crashpad\attachments\2ee9e134-ef67-40bf-b147-ffa87bc1212d: Системе не удается найти указанный путь. (0x3)
[0108/191504.083:ERROR:filesystem_win.cc(129)] GetFileAttributes C:\Users\РЎРІС–С‚Р»Р°РЅР°\AppData\Local\Google\Chrome\User Data\Crashpad\attachments\ff4d7293-2c8c-4ad6-a89c-b9e922b47a2f: Системе не удается найти указанный путь. (0x3)
[0108/191504.091:ERROR:filesystem_win.cc(129)] GetFileAttributes C:\Users\РЎРІС–С‚Р»Р°РЅР°\AppData\Local\Google\Chrome\User Data\Crashpad\attachments\36f22490-e9df-4755-91c4-42300fd3488e: Системе не удается найти указанный путь. (0x3)
[0108/191504.099:ERROR:filesystem_win.cc(129)] GetFileAttributes C:\Users\РЎРІС–С‚Р»Р°РЅР°\AppData\Local\Google\Chrome\User Data\Crashpad\attachments\52025bfa-a51c-4eb1-9494-f8db86376501: Системе не удается найти указанный путь. (0x3)
[0108/191504.107:ERROR:filesystem_win.cc(129)] GetFileAttributes C:\Users\РЎРІС–С‚Р»Р°РЅР°\AppData\Local\Google\Chrome\User Data\Crashpad\attachments\74b7295c-aa38-4fb8-8e60-3532adccb6c9: Системе не удается найти указанный путь. (0x3)
[0108/191504.115:ERROR:filesystem_win.cc(129)] GetFileAttributes C:\Users\РЎРІС–С‚Р»Р°РЅР°\AppData\Local\Google\Chrome\User Data\Crashpad\attachments\5a08ed4b-a1bd-4e88-abd8-b702016c3bc6: Системе не удается найти указанный путь. (0x3)
[0108/191504.124:ERROR:filesystem_win.cc(129)] GetFileAttributes C:\Users\РЎРІС–С‚Р»Р°РЅР°\AppData\Local\Google\Chrome\User Data\Crashpad\attachments\cf3b90b0-6e41-4240-96cf-435aa449d6d5: Системе не удается найти указанный путь. (0x3)
[0108/191504.132:ERROR:filesystem_win.cc(129)] GetFileAttributes C:\Users\РЎРІС–С‚Р»Р°РЅР°\AppData\Local\Google\Chrome\User Data\Crashpad\attachments\5194573d-53f5-4324-b3e4-b4dbaac6fac7: Системе не удается найти указанный путь. (0x3)
[0108/191504.140:ERROR:filesystem_win.cc(129)] GetFileAttributes C:\Users\РЎРІС–С‚Р»Р°РЅР°\AppData\Local\Google\Chrome\User Data\Crashpad\attachments\d368a074-9c39-4896-ab3e-7b66e25b5420: Системе не удается найти указанный путь. (0x3)
[0108/191504.147:ERROR:filesystem_win.cc(129)] GetFileAttributes C:\Users\РЎРІС–С‚Р»Р°РЅР°\AppData\Local\Google\Chrome\User Data\Crashpad\attachments\066c6982-ba57-456f-95d9-18865a31a3e0: Системе не удается найти указанный путь. (0x3)
[0108/191504.155:ERROR:filesystem_win.cc(129)] GetFileAttributes C:\Users\РЎРІС–С‚Р»Р°РЅР°\AppData\Local\Google\Chrome\User Data\Crashpad\attachments\bdcf30e1-5b05-42f8-89a0-927d92288a45: Системе не удается найти указанный путь. (0x3)
[0108/191504.163:ERROR:filesystem_win.cc(129)] GetFileAttributes C:\Users\РЎРІС–С‚Р»Р°РЅР°\AppData\Local\Google\Chrome\User Data\Crashpad\attachments\88e40335-63e3-4aaa-be1d-61c4f2d7d2e5: Системе не удается найти указанный путь. (0x3)
[0108/191504.170:ERROR:filesystem_win.cc(129)] GetFileAttributes C:\Users\РЎРІС–С‚Р»Р°РЅР°\AppData\Local\Google\Chrome\User Data\Crashpad\attachments\354a4d38-656d-4973-90c5-92aa0015050f: Системе не удается найти указанный путь. (0x3)
[0108/191504.178:ERROR:filesystem_win.cc(129)] GetFileAttributes C:\Users\РЎРІС–С‚Р»Р°РЅР°\AppData\Local\Google\Chrome\User Data\Crashpad\attachments\3da73cb1-a967-46a3-b2c0-d63f1e8c8cd9: Системе не удается найти указанный путь. (0x3)
[0108/191504.185:ERROR:filesystem_win.cc(129)] GetFileAttributes C:\Users\РЎРІС–С‚Р»Р°РЅР°\AppData\Local\Google\Chrome\User Data\Crashpad\attachments\80c68436-fc31-4604-b7a9-21129ebd44cd: Системе не удается найти указанный путь. (0x3)
[0108/191504.193:ERROR:filesystem_win.cc(129)] GetFileAttributes C:\Users\РЎРІС–С‚Р»Р°РЅР°\AppData\Local\Google\Chrome\User Data\Crashpad\attachments\d1e403ea-b820-4e6a-ad0e-75c6b328ae98: Системе не удается найти указанный путь. (0x3)
[0108/191504.200:ERROR:filesystem_win.cc(129)] GetFileAttributes C:\Users\РЎРІС–С‚Р»Р°РЅР°\AppData\Local\Google\Chrome\User Data\Crashpad\attachments\3e1d1973-6a6b-4930-bcdd-5e1b236876cf: Системе не удается найти указанный путь. (0x3)
[0108/191504.208:ERROR:filesystem_win.cc(129)] GetFileAttributes C:\Users\РЎРІС–С‚Р»Р°РЅР°\AppData\Local\Google\Chrome\User Data\Crashpad\attachments\08fab2cc-6871-4484-888b-ae03f7db4720: Системе не удается найти указанный путь. (0x3)
[0108/191504.216:ERROR:filesystem_win.cc(129)] GetFileAttributes C:\Users\РЎРІС–С‚Р»Р°РЅР°\AppData\Local\Google\Chrome\User Data\Crashpad\attachments\a7f96bc1-a71b-4e73-8cc2-8e940689ba56: Системе не удается найти указанный путь. (0x3)
[0108/191504.223:ERROR:filesystem_win.cc(129)] GetFileAttributes C:\Users\РЎРІС–С‚Р»Р°РЅР°\AppData\Local\Google\Chrome\User Data\Crashpad\attachments\36097bf5-b26c-4356-8204-662f1699d77e: Системе не удается найти указанный путь. (0x3)
[0108/191504.231:ERROR:filesystem_win.cc(129)] GetFileAttributes C:\Users\РЎРІС–С‚Р»Р°РЅР°\AppData\Local\Google\Chrome\User Data\Crashpad\attachments\68de3999-c40f-4f6b-8b84-c36c8b5aa7ef: Системе не удается найти указанный путь. (0x3)
[0108/191504.238:ERROR:filesystem_win.cc(129)] GetFileAttributes C:\Users\РЎРІС–С‚Р»Р°РЅР°\AppData\Local\Google\Chrome\User Data\Crashpad\attachments\0f868184-848b-40c1-9399-bfafbaad63c4: Системе не удается найти указанный путь. (0x3)
[0108/191504.246:ERROR:filesystem_win.cc(129)] GetFileAttributes C:\Users\РЎРІС–С‚Р»Р°РЅР°\AppData\Local\Google\Chrome\User Data\Crashpad\attachments\5fa0711a-628b-4132-ae33-513f215e00bc: Системе не удается найти указанный путь. (0x3)
[0108/191504.253:ERROR:filesystem_win.cc(129)] GetFileAttributes C:\Users\РЎРІС–С‚Р»Р°РЅР°\AppData\Local\Google\Chrome\User Data\Crashpad\attachments\5a02afd1-ea35-4564-9cd0-25d5574c0da9: Системе не удается найти указанный путь. (0x3)
[0108/191504.260:ERROR:filesystem_win.cc(129)] GetFileAttributes C:\Users\РЎРІС–С‚Р»Р°РЅР°\AppData\Local\Google\Chrome\User Data\Crashpad\attachments\7ea17257-5e4b-489e-aba5-41b4d5f7ce31: Системе не удается найти указанный путь. (0x3)
[0108/191504.267:ERROR:filesystem_win.cc(129)] GetFileAttributes C:\Users\РЎРІС–С‚Р»Р°РЅР°\AppData\Local\Google\Chrome\User Data\Crashpad\attachments\9e0454d4-624c-4976-a607-688862a9ae24: Системе не удается найти указанный путь. (0x3)
[0108/191504.276:ERROR:filesystem_win.cc(129)] GetFileAttributes C:\Users\РЎРІС–С‚Р»Р°РЅР°\AppData\Local\Google\Chrome\User Data\Crashpad\attachments\0d80f040-b7e2-4c8e-818a-5e7f136a851b: Системе не удается найти указанный путь. (0x3)
[0108/191504.283:ERROR:filesystem_win.cc(129)] GetFileAttributes C:\Users\РЎРІС–С‚Р»Р°РЅР°\AppData\Local\Google\Chrome\User Data\Crashpad\attachments\3aa531ac-45de-4024-ae0b-c2ddedf4efb0: Системе не удается найти указанный путь. (0x3)
[0108/191504.293:ERROR:filesystem_win.cc(129)] GetFileAttributes C:\Users\РЎРІС–С‚Р»Р°РЅР°\AppData\Local\Google\Chrome\User Data\Crashpad\attachments\caeabb26-febe-471a-9b72-94819e453996: Системе не удается найти указанный путь. (0x3)
[0108/191504.300:ERROR:filesystem_win.cc(129)] GetFileAttributes C:\Users\РЎРІС–С‚Р»Р°РЅР°\AppData\Local\Google\Chrome\User Data\Crashpad\attachments\b38f0763-8fe3-4092-9474-184bb6b696bd: Системе не удается найти указанный путь. (0x3)
